<?xml version="1.0" encoding="UTF-8"?>
<testsuite name="hello.springtx.apply.InitTxTest" tests="1" skipped="0" failures="0" errors="0" timestamp="2023-08-09T15:42:06" hostname="johyeonhwaui-MacBookPro.local" time="0.295">
  <properties/>
  <testcase name="go()" classname="hello.springtx.apply.InitTxTest" time="0.295"/>
  <system-out><![CDATA[00:42:03.510 [Test worker] DEBUG org.springframework.test.context.BootstrapUtils - Instantiating CacheAwareContextLoaderDelegate from class [org.springframework.test.context.cache.DefaultCacheAwareContextLoaderDelegate]
00:42:03.525 [Test worker] DEBUG org.springframework.test.context.BootstrapUtils - Instantiating BootstrapContext using constructor [public org.springframework.test.context.support.DefaultBootstrapContext(java.lang.Class,org.springframework.test.context.CacheAwareContextLoaderDelegate)]
00:42:03.573 [Test worker] DEBUG org.springframework.test.context.BootstrapUtils - Instantiating TestContextBootstrapper for test class [hello.springtx.apply.InitTxTest] from class [org.springframework.boot.test.context.SpringBootTestContextBootstrapper]
00:42:03.585 [Test worker] INFO org.springframework.boot.test.context.SpringBootTestContextBootstrapper - Neither @ContextConfiguration nor @ContextHierarchy found for test class [hello.springtx.apply.InitTxTest], using SpringBootContextLoader
00:42:03.589 [Test worker] DEBUG org.springframework.test.context.support.AbstractContextLoader - Did not detect default resource location for test class [hello.springtx.apply.InitTxTest]: class path resource [hello/springtx/apply/InitTxTest-context.xml] does not exist
00:42:03.590 [Test worker] DEBUG org.springframework.test.context.support.AbstractContextLoader - Did not detect default resource location for test class [hello.springtx.apply.InitTxTest]: class path resource [hello/springtx/apply/InitTxTestContext.groovy] does not exist
00:42:03.590 [Test worker] INFO org.springframework.test.context.support.AbstractContextLoader - Could not detect default resource locations for test class [hello.springtx.apply.InitTxTest]: no resource found for suffixes {-context.xml, Context.groovy}.
00:42:03.591 [Test worker] DEBUG org.springframework.test.context.support.AnnotationConfigContextLoaderUtils - Ignoring class [hello.springtx.apply.InitTxTest$Hello]; it must be static, non-private, non-final, and annotated with @Configuration to be considered a default configuration class.
00:42:03.646 [Test worker] DEBUG org.springframework.test.context.support.ActiveProfilesUtils - Could not find an 'annotation declaring class' for annotation type [org.springframework.test.context.ActiveProfiles] and class [hello.springtx.apply.InitTxTest]
00:42:03.728 [Test worker] DEBUG org.springframework.context.annotation.ClassPathScanningCandidateComponentProvider - Identified candidate component class: file [/Users/tomatocho/spring-transaction/build/classes/java/main/hello/springtx/SpringtxApplication.class]
00:42:03.730 [Test worker] INFO org.springframework.boot.test.context.SpringBootTestContextBootstrapper - Found @SpringBootConfiguration hello.springtx.SpringtxApplication for test class hello.springtx.apply.InitTxTest
00:42:03.874 [Test worker] DEBUG org.springframework.boot.test.context.SpringBootTestContextBootstrapper - @TestExecutionListeners is not present for class [hello.springtx.apply.InitTxTest]: using defaults.
00:42:03.875 [Test worker] INFO org.springframework.boot.test.context.SpringBootTestContextBootstrapper - Loaded default TestExecutionListener class names from location [META-INF/spring.factories]: [org.springframework.boot.test.autoconfigure.restdocs.RestDocsTestExecutionListener, org.springframework.boot.test.autoconfigure.web.client.MockRestServiceServerResetTestExecutionListener, org.springframework.boot.test.autoconfigure.web.servlet.MockMvcPrintOnlyOnFailureTestExecutionListener, org.springframework.boot.test.autoconfigure.web.servlet.WebDriverTestExecutionListener, org.springframework.boot.test.autoconfigure.webservices.client.MockWebServiceServerTestExecutionListener, org.springframework.boot.test.mock.mockito.MockitoTestExecutionListener, org.springframework.boot.test.mock.mockito.ResetMocksTestExecutionListener, org.springframework.test.context.web.ServletTestExecutionListener, org.springframework.test.context.support.DirtiesContextBeforeModesTestExecutionListener, org.springframework.test.context.event.ApplicationEventsTestExecutionListener, org.springframework.test.context.support.DependencyInjectionTestExecutionListener, org.springframework.test.context.support.DirtiesContextTestExecutionListener, org.springframework.test.context.transaction.TransactionalTestExecutionListener, org.springframework.test.context.jdbc.SqlScriptsTestExecutionListener, org.springframework.test.context.event.EventPublishingTestExecutionListener]
00:42:03.886 [Test worker] DEBUG org.springframework.boot.test.context.SpringBootTestContextBootstrapper - Skipping candidate TestExecutionListener [org.springframework.test.context.web.ServletTestExecutionListener] due to a missing dependency. Specify custom listener classes or make the default listener classes and their required dependencies available. Offending class: [javax/servlet/ServletContext]
00:42:03.894 [Test worker] INFO org.springframework.boot.test.context.SpringBootTestContextBootstrapper - Using TestExecutionListeners: [org.springframework.test.context.support.DirtiesContextBeforeModesTestExecutionListener@6c451c9c, org.springframework.test.context.event.ApplicationEventsTestExecutionListener@31c269fd, org.springframework.boot.test.mock.mockito.MockitoTestExecutionListener@372b0d86, org.springframework.boot.test.autoconfigure.SpringBootDependencyInjectionTestExecutionListener@47747fb9, org.springframework.test.context.support.DirtiesContextTestExecutionListener@3113a37, org.springframework.test.context.transaction.TransactionalTestExecutionListener@213e3629, org.springframework.test.context.jdbc.SqlScriptsTestExecutionListener@4e9658b5, org.springframework.test.context.event.EventPublishingTestExecutionListener@2a7b6f69, org.springframework.boot.test.autoconfigure.restdocs.RestDocsTestExecutionListener@20312893, org.springframework.boot.test.autoconfigure.web.client.MockRestServiceServerResetTestExecutionListener@70eecdc2, org.springframework.boot.test.autoconfigure.web.servlet.MockMvcPrintOnlyOnFailureTestExecutionListener@c41709a, org.springframework.boot.test.autoconfigure.web.servlet.WebDriverTestExecutionListener@7db0565c, org.springframework.boot.test.autoconfigure.webservices.client.MockWebServiceServerTestExecutionListener@54ec8cc9, org.springframework.boot.test.mock.mockito.ResetMocksTestExecutionListener@52eacb4b]
00:42:03.897 [Test worker] DEBUG org.springframework.test.context.support.AbstractDirtiesContextTestExecutionListener - Before test class: context [DefaultTestContext@781e7326 testClass = InitTxTest, testInstance = [null], testMethod = [null], testException = [null], mergedContextConfiguration = [MergedContextConfiguration@22680f52 testClass = InitTxTest, locations = '{}', classes = '{class hello.springtx.SpringtxApplication, class hello.springtx.apply.InitTxTest$InitTxTestConfig}', contextInitializerClasses = '[]', activeProfiles = '{}', propertySourceLocations = '{}', propertySourceProperties = '{org.springframework.boot.test.context.SpringBootTestContextBootstrapper=true}', contextCustomizers = set[org.springframework.boot.test.autoconfigure.actuate.metrics.MetricsExportContextCustomizerFactory$DisableMetricExportContextCustomizer@549949be, org.springframework.boot.test.autoconfigure.properties.PropertyMappingContextCustomizer@0, org.springframework.boot.test.autoconfigure.web.servlet.WebDriverContextCustomizerFactory$Customizer@478ee483, org.springframework.boot.test.context.filter.ExcludeFilterContextCustomizer@665df3c6, org.springframework.boot.test.json.DuplicateJsonObjectContextCustomizerFactory$DuplicateJsonObjectContextCustomizer@5c00384f, org.springframework.boot.test.mock.mockito.MockitoContextCustomizer@0, org.springframework.boot.test.web.client.TestRestTemplateContextCustomizer@4d18aa28, org.springframework.boot.test.context.SpringBootTestArgs@1, org.springframework.boot.test.context.SpringBootTestWebEnvironment@5038d0b5], contextLoader = 'org.springframework.boot.test.context.SpringBootContextLoader', parent = [null]], attributes = map[[empty]]], class annotated with @DirtiesContext [false] with mode [null].
00:42:03.913 [Test worker] DEBUG org.springframework.test.context.support.DependencyInjectionTestExecutionListener - Performing dependency injection for test context [[DefaultTestContext@781e7326 testClass = InitTxTest, testInstance = hello.springtx.apply.InitTxTest@3a7b503d, testMethod = [null], testException = [null], mergedContextConfiguration = [MergedContextConfiguration@22680f52 testClass = InitTxTest, locations = '{}', classes = '{class hello.springtx.SpringtxApplication, class hello.springtx.apply.InitTxTest$InitTxTestConfig}', contextInitializerClasses = '[]', activeProfiles = '{}', propertySourceLocations = '{}', propertySourceProperties = '{org.springframework.boot.test.context.SpringBootTestContextBootstrapper=true}', contextCustomizers = set[org.springframework.boot.test.autoconfigure.actuate.metrics.MetricsExportContextCustomizerFactory$DisableMetricExportContextCustomizer@549949be, org.springframework.boot.test.autoconfigure.properties.PropertyMappingContextCustomizer@0, org.springframework.boot.test.autoconfigure.web.servlet.WebDriverContextCustomizerFactory$Customizer@478ee483, org.springframework.boot.test.context.filter.ExcludeFilterContextCustomizer@665df3c6, org.springframework.boot.test.json.DuplicateJsonObjectContextCustomizerFactory$DuplicateJsonObjectContextCustomizer@5c00384f, org.springframework.boot.test.mock.mockito.MockitoContextCustomizer@0, org.springframework.boot.test.web.client.TestRestTemplateContextCustomizer@4d18aa28, org.springframework.boot.test.context.SpringBootTestArgs@1, org.springframework.boot.test.context.SpringBootTestWebEnvironment@5038d0b5], contextLoader = 'org.springframework.boot.test.context.SpringBootContextLoader', parent = [null]], attributes = map['org.springframework.test.context.event.ApplicationEventsTestExecutionListener.recordApplicationEvents' -> false]]].

  .   ____          _            __ _ _
 /\\ / ___'_ __ _ _(_)_ __  __ _ \ \ \ \
( ( )\___ | '_ | '_| | '_ \/ _` | \ \ \ \
 \\/  ___)| |_)| | | | | || (_| |  ) ) ) )
  '  |____| .__|_| |_|_| |_\__, | / / / /
 =========|_|==============|___/=/_/_/_/
 :: Spring Boot ::               (v2.7.14)

2023-08-10 00:42:04.273  INFO 10635 --- [    Test worker] hello.springtx.apply.InitTxTest          : Starting InitTxTest using Java 11.0.15 on johyeonhwaui-MacBookPro.local with PID 10635 (started by tomatocho in /Users/tomatocho/spring-transaction)
2023-08-10 00:42:04.274  INFO 10635 --- [    Test worker] hello.springtx.apply.InitTxTest          : No active profile set, falling back to 1 default profile: "default"
2023-08-10 00:42:04.760  INFO 10635 --- [    Test worker] .s.d.r.c.RepositoryConfigurationDelegate : Bootstrapping Spring Data JPA repositories in DEFAULT mode.
2023-08-10 00:42:04.777  INFO 10635 --- [    Test worker] .s.d.r.c.RepositoryConfigurationDelegate : Finished Spring Data repository scanning in 8 ms. Found 0 JPA repository interfaces.
2023-08-10 00:42:05.261  INFO 10635 --- [    Test worker] com.zaxxer.hikari.HikariDataSource       : HikariPool-1 - Starting...
2023-08-10 00:42:05.607  INFO 10635 --- [    Test worker] com.zaxxer.hikari.HikariDataSource       : HikariPool-1 - Start completed.
2023-08-10 00:42:05.688  INFO 10635 --- [    Test worker] o.hibernate.jpa.internal.util.LogHelper  : HHH000204: Processing PersistenceUnitInfo [name: default]
2023-08-10 00:42:05.757  INFO 10635 --- [    Test worker] org.hibernate.Version                    : HHH000412: Hibernate ORM core version 5.6.5.Final
2023-08-10 00:42:06.021  INFO 10635 --- [    Test worker] o.hibernate.annotations.common.Version   : HCANN000001: Hibernate Commons Annotations {5.1.2.Final}
2023-08-10 00:42:06.239  INFO 10635 --- [    Test worker] org.hibernate.dialect.Dialect            : HHH000400: Using dialect: org.hibernate.dialect.H2Dialect
2023-08-10 00:42:06.490  INFO 10635 --- [    Test worker] o.h.e.t.j.p.i.JtaPlatformInitiator       : HHH000490: Using JtaPlatform implementation: [org.hibernate.engine.transaction.jta.platform.internal.NoJtaPlatform]
2023-08-10 00:42:06.503  INFO 10635 --- [    Test worker] j.LocalContainerEntityManagerFactoryBean : Initialized JPA EntityManagerFactory for persistence unit 'default'
2023-08-10 00:42:06.535  INFO 10635 --- [    Test worker] hello.springtx.apply.InitTxTest$Hello    : Hello init @PostConstruct tx active=false
2023-08-10 00:42:06.744  INFO 10635 --- [    Test worker] hello.springtx.apply.InitTxTest          : Started InitTxTest in 2.801 seconds (JVM running for 4.495)
2023-08-10 00:42:06.836 TRACE 10635 --- [    Test worker] o.s.t.i.TransactionInterceptor           : Getting transaction for [hello.springtx.apply.InitTxTest$Hello.initV2]
2023-08-10 00:42:06.851  INFO 10635 --- [    Test worker] hello.springtx.apply.InitTxTest$Hello    : Hello init ApplicationReadyEvent tx active=true
2023-08-10 00:42:06.851 TRACE 10635 --- [    Test worker] o.s.t.i.TransactionInterceptor           : Completing transaction for [hello.springtx.apply.InitTxTest$Hello.initV2]
]]></system-out>
  <system-err><![CDATA[]]></system-err>
</testsuite>
