<?xml version="1.0" encoding="UTF-8"?>
<testsuite name="hello.springtx.SpringtxApplicationTests" tests="1" skipped="0" failures="0" errors="0" timestamp="2023-08-09T14:42:39" hostname="johyeonhwaui-MacBookPro.local" time="0.277">
  <properties/>
  <testcase name="contextLoads()" classname="hello.springtx.SpringtxApplicationTests" time="0.277"/>
  <system-out><![CDATA[23:42:36.622 [Test worker] DEBUG org.springframework.test.context.BootstrapUtils - Instantiating CacheAwareContextLoaderDelegate from class [org.springframework.test.context.cache.DefaultCacheAwareContextLoaderDelegate]
23:42:36.637 [Test worker] DEBUG org.springframework.test.context.BootstrapUtils - Instantiating BootstrapContext using constructor [public org.springframework.test.context.support.DefaultBootstrapContext(java.lang.Class,org.springframework.test.context.CacheAwareContextLoaderDelegate)]
23:42:36.686 [Test worker] DEBUG org.springframework.test.context.BootstrapUtils - Instantiating TestContextBootstrapper for test class [hello.springtx.SpringtxApplicationTests] from class [org.springframework.boot.test.context.SpringBootTestContextBootstrapper]
23:42:36.700 [Test worker] INFO org.springframework.boot.test.context.SpringBootTestContextBootstrapper - Neither @ContextConfiguration nor @ContextHierarchy found for test class [hello.springtx.SpringtxApplicationTests], using SpringBootContextLoader
23:42:36.706 [Test worker] DEBUG org.springframework.test.context.support.AbstractContextLoader - Did not detect default resource location for test class [hello.springtx.SpringtxApplicationTests]: class path resource [hello/springtx/SpringtxApplicationTests-context.xml] does not exist
23:42:36.707 [Test worker] DEBUG org.springframework.test.context.support.AbstractContextLoader - Did not detect default resource location for test class [hello.springtx.SpringtxApplicationTests]: class path resource [hello/springtx/SpringtxApplicationTestsContext.groovy] does not exist
23:42:36.707 [Test worker] INFO org.springframework.test.context.support.AbstractContextLoader - Could not detect default resource locations for test class [hello.springtx.SpringtxApplicationTests]: no resource found for suffixes {-context.xml, Context.groovy}.
23:42:36.708 [Test worker] INFO org.springframework.test.context.support.AnnotationConfigContextLoaderUtils - Could not detect default configuration classes for test class [hello.springtx.SpringtxApplicationTests]: SpringtxApplicationTests does not declare any static, non-private, non-final, nested classes annotated with @Configuration.
23:42:36.757 [Test worker] DEBUG org.springframework.test.context.support.ActiveProfilesUtils - Could not find an 'annotation declaring class' for annotation type [org.springframework.test.context.ActiveProfiles] and class [hello.springtx.SpringtxApplicationTests]
23:42:36.835 [Test worker] DEBUG org.springframework.context.annotation.ClassPathScanningCandidateComponentProvider - Identified candidate component class: file [/Users/tomatocho/spring-transaction/build/classes/java/main/hello/springtx/SpringtxApplication.class]
23:42:36.837 [Test worker] INFO org.springframework.boot.test.context.SpringBootTestContextBootstrapper - Found @SpringBootConfiguration hello.springtx.SpringtxApplication for test class hello.springtx.SpringtxApplicationTests
23:42:37.003 [Test worker] DEBUG org.springframework.boot.test.context.SpringBootTestContextBootstrapper - @TestExecutionListeners is not present for class [hello.springtx.SpringtxApplicationTests]: using defaults.
23:42:37.004 [Test worker] INFO org.springframework.boot.test.context.SpringBootTestContextBootstrapper - Loaded default TestExecutionListener class names from location [META-INF/spring.factories]: [org.springframework.boot.test.autoconfigure.restdocs.RestDocsTestExecutionListener, org.springframework.boot.test.autoconfigure.web.client.MockRestServiceServerResetTestExecutionListener, org.springframework.boot.test.autoconfigure.web.servlet.MockMvcPrintOnlyOnFailureTestExecutionListener, org.springframework.boot.test.autoconfigure.web.servlet.WebDriverTestExecutionListener, org.springframework.boot.test.autoconfigure.webservices.client.MockWebServiceServerTestExecutionListener, org.springframework.boot.test.mock.mockito.MockitoTestExecutionListener, org.springframework.boot.test.mock.mockito.ResetMocksTestExecutionListener, org.springframework.test.context.web.ServletTestExecutionListener, org.springframework.test.context.support.DirtiesContextBeforeModesTestExecutionListener, org.springframework.test.context.event.ApplicationEventsTestExecutionListener, org.springframework.test.context.support.DependencyInjectionTestExecutionListener, org.springframework.test.context.support.DirtiesContextTestExecutionListener, org.springframework.test.context.transaction.TransactionalTestExecutionListener, org.springframework.test.context.jdbc.SqlScriptsTestExecutionListener, org.springframework.test.context.event.EventPublishingTestExecutionListener]
23:42:37.034 [Test worker] DEBUG org.springframework.boot.test.context.SpringBootTestContextBootstrapper - Skipping candidate TestExecutionListener [org.springframework.test.context.web.ServletTestExecutionListener] due to a missing dependency. Specify custom listener classes or make the default listener classes and their required dependencies available. Offending class: [javax/servlet/ServletContext]
23:42:37.043 [Test worker] INFO org.springframework.boot.test.context.SpringBootTestContextBootstrapper - Using TestExecutionListeners: [org.springframework.test.context.support.DirtiesContextBeforeModesTestExecutionListener@31500940, org.springframework.test.context.event.ApplicationEventsTestExecutionListener@1827a871, org.springframework.boot.test.mock.mockito.MockitoTestExecutionListener@48e64352, org.springframework.boot.test.autoconfigure.SpringBootDependencyInjectionTestExecutionListener@7249dadf, org.springframework.test.context.support.DirtiesContextTestExecutionListener@4362d7df, org.springframework.test.context.transaction.TransactionalTestExecutionListener@66238be2, org.springframework.test.context.jdbc.SqlScriptsTestExecutionListener@1c25b8a7, org.springframework.test.context.event.EventPublishingTestExecutionListener@200606de, org.springframework.boot.test.autoconfigure.restdocs.RestDocsTestExecutionListener@750fe12e, org.springframework.boot.test.autoconfigure.web.client.MockRestServiceServerResetTestExecutionListener@f8908f6, org.springframework.boot.test.autoconfigure.web.servlet.MockMvcPrintOnlyOnFailureTestExecutionListener@3e587920, org.springframework.boot.test.autoconfigure.web.servlet.WebDriverTestExecutionListener@2ef8a8c3, org.springframework.boot.test.autoconfigure.webservices.client.MockWebServiceServerTestExecutionListener@24f43aa3, org.springframework.boot.test.mock.mockito.ResetMocksTestExecutionListener@63fd4873]
23:42:37.047 [Test worker] DEBUG org.springframework.test.context.support.AbstractDirtiesContextTestExecutionListener - Before test class: context [DefaultTestContext@3d4d3fe7 testClass = SpringtxApplicationTests, testInstance = [null], testMethod = [null], testException = [null], mergedContextConfiguration = [MergedContextConfiguration@65f87a2c testClass = SpringtxApplicationTests, locations = '{}', classes = '{class hello.springtx.SpringtxApplication}', contextInitializerClasses = '[]', activeProfiles = '{}', propertySourceLocations = '{}', propertySourceProperties = '{org.springframework.boot.test.context.SpringBootTestContextBootstrapper=true}', contextCustomizers = set[org.springframework.boot.test.autoconfigure.actuate.metrics.MetricsExportContextCustomizerFactory$DisableMetricExportContextCustomizer@625abb97, org.springframework.boot.test.autoconfigure.properties.PropertyMappingContextCustomizer@0, org.springframework.boot.test.autoconfigure.web.servlet.WebDriverContextCustomizerFactory$Customizer@18025ced, org.springframework.boot.test.context.filter.ExcludeFilterContextCustomizer@3f0846c6, org.springframework.boot.test.json.DuplicateJsonObjectContextCustomizerFactory$DuplicateJsonObjectContextCustomizer@45e37a7e, org.springframework.boot.test.mock.mockito.MockitoContextCustomizer@0, org.springframework.boot.test.web.client.TestRestTemplateContextCustomizer@1bb564e2, org.springframework.boot.test.context.SpringBootTestArgs@1, org.springframework.boot.test.context.SpringBootTestWebEnvironment@5038d0b5], contextLoader = 'org.springframework.boot.test.context.SpringBootContextLoader', parent = [null]], attributes = map[[empty]]], class annotated with @DirtiesContext [false] with mode [null].
23:42:37.061 [Test worker] DEBUG org.springframework.test.context.support.DependencyInjectionTestExecutionListener - Performing dependency injection for test context [[DefaultTestContext@3d4d3fe7 testClass = SpringtxApplicationTests, testInstance = hello.springtx.SpringtxApplicationTests@2f40a43, testMethod = [null], testException = [null], mergedContextConfiguration = [MergedContextConfiguration@65f87a2c testClass = SpringtxApplicationTests, locations = '{}', classes = '{class hello.springtx.SpringtxApplication}', contextInitializerClasses = '[]', activeProfiles = '{}', propertySourceLocations = '{}', propertySourceProperties = '{org.springframework.boot.test.context.SpringBootTestContextBootstrapper=true}', contextCustomizers = set[org.springframework.boot.test.autoconfigure.actuate.metrics.MetricsExportContextCustomizerFactory$DisableMetricExportContextCustomizer@625abb97, org.springframework.boot.test.autoconfigure.properties.PropertyMappingContextCustomizer@0, org.springframework.boot.test.autoconfigure.web.servlet.WebDriverContextCustomizerFactory$Customizer@18025ced, org.springframework.boot.test.context.filter.ExcludeFilterContextCustomizer@3f0846c6, org.springframework.boot.test.json.DuplicateJsonObjectContextCustomizerFactory$DuplicateJsonObjectContextCustomizer@45e37a7e, org.springframework.boot.test.mock.mockito.MockitoContextCustomizer@0, org.springframework.boot.test.web.client.TestRestTemplateContextCustomizer@1bb564e2, org.springframework.boot.test.context.SpringBootTestArgs@1, org.springframework.boot.test.context.SpringBootTestWebEnvironment@5038d0b5], contextLoader = 'org.springframework.boot.test.context.SpringBootContextLoader', parent = [null]], attributes = map['org.springframework.test.context.event.ApplicationEventsTestExecutionListener.recordApplicationEvents' -> false]]].

  .   ____          _            __ _ _
 /\\ / ___'_ __ _ _(_)_ __  __ _ \ \ \ \
( ( )\___ | '_ | '_| | '_ \/ _` | \ \ \ \
 \\/  ___)| |_)| | | | | || (_| |  ) ) ) )
  '  |____| .__|_| |_|_| |_\__, | / / / /
 =========|_|==============|___/=/_/_/_/
 :: Spring Boot ::               (v2.7.14)

2023-08-09 23:42:37.421  INFO 9448 --- [    Test worker] hello.springtx.SpringtxApplicationTests  : Starting SpringtxApplicationTests using Java 11.0.15 on johyeonhwaui-MacBookPro.local with PID 9448 (started by tomatocho in /Users/tomatocho/spring-transaction)
2023-08-09 23:42:37.423  INFO 9448 --- [    Test worker] hello.springtx.SpringtxApplicationTests  : No active profile set, falling back to 1 default profile: "default"
2023-08-09 23:42:37.912  INFO 9448 --- [    Test worker] .s.d.r.c.RepositoryConfigurationDelegate : Bootstrapping Spring Data JPA repositories in DEFAULT mode.
2023-08-09 23:42:37.928  INFO 9448 --- [    Test worker] .s.d.r.c.RepositoryConfigurationDelegate : Finished Spring Data repository scanning in 7 ms. Found 0 JPA repository interfaces.
2023-08-09 23:42:38.390  INFO 9448 --- [    Test worker] com.zaxxer.hikari.HikariDataSource       : HikariPool-1 - Starting...
2023-08-09 23:42:38.662  INFO 9448 --- [    Test worker] com.zaxxer.hikari.HikariDataSource       : HikariPool-1 - Start completed.
2023-08-09 23:42:38.749  INFO 9448 --- [    Test worker] o.hibernate.jpa.internal.util.LogHelper  : HHH000204: Processing PersistenceUnitInfo [name: default]
2023-08-09 23:42:38.813  INFO 9448 --- [    Test worker] org.hibernate.Version                    : HHH000412: Hibernate ORM core version 5.6.5.Final
2023-08-09 23:42:39.023  INFO 9448 --- [    Test worker] o.hibernate.annotations.common.Version   : HCANN000001: Hibernate Commons Annotations {5.1.2.Final}
2023-08-09 23:42:39.178  INFO 9448 --- [    Test worker] org.hibernate.dialect.Dialect            : HHH000400: Using dialect: org.hibernate.dialect.H2Dialect
2023-08-09 23:42:39.415  INFO 9448 --- [    Test worker] o.h.e.t.j.p.i.JtaPlatformInitiator       : HHH000490: Using JtaPlatform implementation: [org.hibernate.engine.transaction.jta.platform.internal.NoJtaPlatform]
2023-08-09 23:42:39.425  INFO 9448 --- [    Test worker] j.LocalContainerEntityManagerFactoryBean : Initialized JPA EntityManagerFactory for persistence unit 'default'
2023-08-09 23:42:39.598  INFO 9448 --- [    Test worker] hello.springtx.SpringtxApplicationTests  : Started SpringtxApplicationTests in 2.508 seconds (JVM running for 4.318)
]]></system-out>
  <system-err><![CDATA[]]></system-err>
</testsuite>
