<?xml version="1.0" encoding="UTF-8"?>
<testsuite name="hello.springtx.propagation.BasicTxTest" tests="1" skipped="0" failures="0" errors="0" timestamp="2023-08-10T08:35:56" hostname="johyeonhwaui-MacBookPro.local" time="0.17">
  <properties/>
  <testcase name="inner_rollback()" classname="hello.springtx.propagation.BasicTxTest" time="0.17"/>
  <system-out><![CDATA[17:35:52.167 [Test worker] DEBUG org.springframework.test.context.BootstrapUtils - Instantiating CacheAwareContextLoaderDelegate from class [org.springframework.test.context.cache.DefaultCacheAwareContextLoaderDelegate]
17:35:52.182 [Test worker] DEBUG org.springframework.test.context.BootstrapUtils - Instantiating BootstrapContext using constructor [public org.springframework.test.context.support.DefaultBootstrapContext(java.lang.Class,org.springframework.test.context.CacheAwareContextLoaderDelegate)]
17:35:52.224 [Test worker] DEBUG org.springframework.test.context.BootstrapUtils - Instantiating TestContextBootstrapper for test class [hello.springtx.propagation.BasicTxTest] from class [org.springframework.boot.test.context.SpringBootTestContextBootstrapper]
17:35:52.248 [Test worker] INFO org.springframework.boot.test.context.SpringBootTestContextBootstrapper - Neither @ContextConfiguration nor @ContextHierarchy found for test class [hello.springtx.propagation.BasicTxTest], using SpringBootContextLoader
17:35:52.254 [Test worker] DEBUG org.springframework.test.context.support.AbstractContextLoader - Did not detect default resource location for test class [hello.springtx.propagation.BasicTxTest]: class path resource [hello/springtx/propagation/BasicTxTest-context.xml] does not exist
17:35:52.255 [Test worker] DEBUG org.springframework.test.context.support.AbstractContextLoader - Did not detect default resource location for test class [hello.springtx.propagation.BasicTxTest]: class path resource [hello/springtx/propagation/BasicTxTestContext.groovy] does not exist
17:35:52.255 [Test worker] INFO org.springframework.test.context.support.AbstractContextLoader - Could not detect default resource locations for test class [hello.springtx.propagation.BasicTxTest]: no resource found for suffixes {-context.xml, Context.groovy}.
17:35:52.326 [Test worker] DEBUG org.springframework.test.context.support.ActiveProfilesUtils - Could not find an 'annotation declaring class' for annotation type [org.springframework.test.context.ActiveProfiles] and class [hello.springtx.propagation.BasicTxTest]
17:35:52.415 [Test worker] DEBUG org.springframework.context.annotation.ClassPathScanningCandidateComponentProvider - Identified candidate component class: file [/Users/tomatocho/spring-transaction/build/classes/java/main/hello/springtx/SpringtxApplication.class]
17:35:52.418 [Test worker] INFO org.springframework.boot.test.context.SpringBootTestContextBootstrapper - Found @SpringBootConfiguration hello.springtx.SpringtxApplication for test class hello.springtx.propagation.BasicTxTest
17:35:52.596 [Test worker] DEBUG org.springframework.boot.test.context.SpringBootTestContextBootstrapper - @TestExecutionListeners is not present for class [hello.springtx.propagation.BasicTxTest]: using defaults.
17:35:52.596 [Test worker] INFO org.springframework.boot.test.context.SpringBootTestContextBootstrapper - Loaded default TestExecutionListener class names from location [META-INF/spring.factories]: [org.springframework.boot.test.autoconfigure.restdocs.RestDocsTestExecutionListener, org.springframework.boot.test.autoconfigure.web.client.MockRestServiceServerResetTestExecutionListener, org.springframework.boot.test.autoconfigure.web.servlet.MockMvcPrintOnlyOnFailureTestExecutionListener, org.springframework.boot.test.autoconfigure.web.servlet.WebDriverTestExecutionListener, org.springframework.boot.test.autoconfigure.webservices.client.MockWebServiceServerTestExecutionListener, org.springframework.boot.test.mock.mockito.MockitoTestExecutionListener, org.springframework.boot.test.mock.mockito.ResetMocksTestExecutionListener, org.springframework.test.context.web.ServletTestExecutionListener, org.springframework.test.context.support.DirtiesContextBeforeModesTestExecutionListener, org.springframework.test.context.event.ApplicationEventsTestExecutionListener, org.springframework.test.context.support.DependencyInjectionTestExecutionListener, org.springframework.test.context.support.DirtiesContextTestExecutionListener, org.springframework.test.context.transaction.TransactionalTestExecutionListener, org.springframework.test.context.jdbc.SqlScriptsTestExecutionListener, org.springframework.test.context.event.EventPublishingTestExecutionListener]
17:35:52.625 [Test worker] DEBUG org.springframework.boot.test.context.SpringBootTestContextBootstrapper - Skipping candidate TestExecutionListener [org.springframework.test.context.web.ServletTestExecutionListener] due to a missing dependency. Specify custom listener classes or make the default listener classes and their required dependencies available. Offending class: [javax/servlet/ServletContext]
17:35:52.651 [Test worker] INFO org.springframework.boot.test.context.SpringBootTestContextBootstrapper - Using TestExecutionListeners: [org.springframework.test.context.support.DirtiesContextBeforeModesTestExecutionListener@54ec8cc9, org.springframework.test.context.event.ApplicationEventsTestExecutionListener@52eacb4b, org.springframework.boot.test.mock.mockito.MockitoTestExecutionListener@5528a42c, org.springframework.boot.test.autoconfigure.SpringBootDependencyInjectionTestExecutionListener@2a551a63, org.springframework.test.context.support.DirtiesContextTestExecutionListener@1a6f5124, org.springframework.test.context.transaction.TransactionalTestExecutionListener@1edb61b1, org.springframework.test.context.jdbc.SqlScriptsTestExecutionListener@ec2bf82, org.springframework.test.context.event.EventPublishingTestExecutionListener@cc62a3b, org.springframework.boot.test.autoconfigure.restdocs.RestDocsTestExecutionListener@6cc0bcf6, org.springframework.boot.test.autoconfigure.web.client.MockRestServiceServerResetTestExecutionListener@29539e36, org.springframework.boot.test.autoconfigure.web.servlet.MockMvcPrintOnlyOnFailureTestExecutionListener@32f61a31, org.springframework.boot.test.autoconfigure.web.servlet.WebDriverTestExecutionListener@f5c79a6, org.springframework.boot.test.autoconfigure.webservices.client.MockWebServiceServerTestExecutionListener@669253b7, org.springframework.boot.test.mock.mockito.ResetMocksTestExecutionListener@5305c37d]
17:35:52.662 [Test worker] DEBUG org.springframework.test.context.support.AbstractDirtiesContextTestExecutionListener - Before test class: context [DefaultTestContext@2d35442b testClass = BasicTxTest, testInstance = [null], testMethod = [null], testException = [null], mergedContextConfiguration = [MergedContextConfiguration@27f9e982 testClass = BasicTxTest, locations = '{}', classes = '{class hello.springtx.SpringtxApplication, class hello.springtx.propagation.BasicTxTest$Config}', contextInitializerClasses = '[]', activeProfiles = '{}', propertySourceLocations = '{}', propertySourceProperties = '{org.springframework.boot.test.context.SpringBootTestContextBootstrapper=true}', contextCustomizers = set[org.springframework.boot.test.autoconfigure.actuate.metrics.MetricsExportContextCustomizerFactory$DisableMetricExportContextCustomizer@58fe0499, org.springframework.boot.test.autoconfigure.properties.PropertyMappingContextCustomizer@0, org.springframework.boot.test.autoconfigure.web.servlet.WebDriverContextCustomizerFactory$Customizer@75390459, org.springframework.boot.test.context.filter.ExcludeFilterContextCustomizer@57fd91c9, org.springframework.boot.test.json.DuplicateJsonObjectContextCustomizerFactory$DuplicateJsonObjectContextCustomizer@565b064f, org.springframework.boot.test.mock.mockito.MockitoContextCustomizer@0, org.springframework.boot.test.web.client.TestRestTemplateContextCustomizer@63b1d4fa, org.springframework.boot.test.context.SpringBootTestArgs@1, org.springframework.boot.test.context.SpringBootTestWebEnvironment@45efd90f], contextLoader = 'org.springframework.boot.test.context.SpringBootContextLoader', parent = [null]], attributes = map[[empty]]], class annotated with @DirtiesContext [false] with mode [null].
17:35:52.691 [Test worker] DEBUG org.springframework.test.context.support.DependencyInjectionTestExecutionListener - Performing dependency injection for test context [[DefaultTestContext@2d35442b testClass = BasicTxTest, testInstance = hello.springtx.propagation.BasicTxTest@182b435b, testMethod = [null], testException = [null], mergedContextConfiguration = [MergedContextConfiguration@27f9e982 testClass = BasicTxTest, locations = '{}', classes = '{class hello.springtx.SpringtxApplication, class hello.springtx.propagation.BasicTxTest$Config}', contextInitializerClasses = '[]', activeProfiles = '{}', propertySourceLocations = '{}', propertySourceProperties = '{org.springframework.boot.test.context.SpringBootTestContextBootstrapper=true}', contextCustomizers = set[org.springframework.boot.test.autoconfigure.actuate.metrics.MetricsExportContextCustomizerFactory$DisableMetricExportContextCustomizer@58fe0499, org.springframework.boot.test.autoconfigure.properties.PropertyMappingContextCustomizer@0, org.springframework.boot.test.autoconfigure.web.servlet.WebDriverContextCustomizerFactory$Customizer@75390459, org.springframework.boot.test.context.filter.ExcludeFilterContextCustomizer@57fd91c9, org.springframework.boot.test.json.DuplicateJsonObjectContextCustomizerFactory$DuplicateJsonObjectContextCustomizer@565b064f, org.springframework.boot.test.mock.mockito.MockitoContextCustomizer@0, org.springframework.boot.test.web.client.TestRestTemplateContextCustomizer@63b1d4fa, org.springframework.boot.test.context.SpringBootTestArgs@1, org.springframework.boot.test.context.SpringBootTestWebEnvironment@45efd90f], contextLoader = 'org.springframework.boot.test.context.SpringBootContextLoader', parent = [null]], attributes = map['org.springframework.test.context.event.ApplicationEventsTestExecutionListener.recordApplicationEvents' -> false]]].

  .   ____          _            __ _ _
 /\\ / ___'_ __ _ _(_)_ __  __ _ \ \ \ \
( ( )\___ | '_ | '_| | '_ \/ _` | \ \ \ \
 \\/  ___)| |_)| | | | | || (_| |  ) ) ) )
  '  |____| .__|_| |_|_| |_\__, | / / / /
 =========|_|==============|___/=/_/_/_/
 :: Spring Boot ::               (v2.7.14)

2023-08-10 17:35:53.517  INFO 17022 --- [    Test worker] hello.springtx.propagation.BasicTxTest   : Starting BasicTxTest using Java 11.0.15 on johyeonhwaui-MacBookPro.local with PID 17022 (started by tomatocho in /Users/tomatocho/spring-transaction)
2023-08-10 17:35:53.519  INFO 17022 --- [    Test worker] hello.springtx.propagation.BasicTxTest   : No active profile set, falling back to 1 default profile: "default"
2023-08-10 17:35:54.112  INFO 17022 --- [    Test worker] .s.d.r.c.RepositoryConfigurationDelegate : Bootstrapping Spring Data JPA repositories in DEFAULT mode.
2023-08-10 17:35:54.184  INFO 17022 --- [    Test worker] .s.d.r.c.RepositoryConfigurationDelegate : Finished Spring Data repository scanning in 58 ms. Found 1 JPA repository interfaces.
2023-08-10 17:35:54.716  INFO 17022 --- [    Test worker] com.zaxxer.hikari.HikariDataSource       : HikariPool-1 - Starting...
2023-08-10 17:35:55.047  INFO 17022 --- [    Test worker] com.zaxxer.hikari.HikariDataSource       : HikariPool-1 - Start completed.
2023-08-10 17:35:55.136  INFO 17022 --- [    Test worker] o.hibernate.jpa.internal.util.LogHelper  : HHH000204: Processing PersistenceUnitInfo [name: default]
2023-08-10 17:35:55.200  INFO 17022 --- [    Test worker] org.hibernate.Version                    : HHH000412: Hibernate ORM core version 5.6.5.Final
2023-08-10 17:35:55.462  INFO 17022 --- [    Test worker] o.hibernate.annotations.common.Version   : HCANN000001: Hibernate Commons Annotations {5.1.2.Final}
2023-08-10 17:35:55.630  INFO 17022 --- [    Test worker] org.hibernate.dialect.Dialect            : HHH000400: Using dialect: org.hibernate.dialect.H2Dialect
2023-08-10 17:35:56.340 DEBUG 17022 --- [    Test worker] org.hibernate.SQL                        : drop table if exists orders CASCADE 
2023-08-10 17:35:56.347 DEBUG 17022 --- [    Test worker] org.hibernate.SQL                        : drop sequence if exists hibernate_sequence
2023-08-10 17:35:56.351 DEBUG 17022 --- [    Test worker] org.hibernate.SQL                        : create sequence hibernate_sequence start with 1 increment by 1
2023-08-10 17:35:56.354 DEBUG 17022 --- [    Test worker] org.hibernate.SQL                        : create table orders (id bigint not null, pay_status varchar(255), username varchar(255), primary key (id))
2023-08-10 17:35:56.364  INFO 17022 --- [    Test worker] o.h.e.t.j.p.i.JtaPlatformInitiator       : HHH000490: Using JtaPlatform implementation: [org.hibernate.engine.transaction.jta.platform.internal.NoJtaPlatform]
2023-08-10 17:35:56.374  INFO 17022 --- [    Test worker] j.LocalContainerEntityManagerFactoryBean : Initialized JPA EntityManagerFactory for persistence unit 'default'
2023-08-10 17:35:56.982  INFO 17022 --- [    Test worker] hello.springtx.propagation.BasicTxTest   : Started BasicTxTest in 4.225 seconds (JVM running for 6.104)
2023-08-10 17:35:57.139  INFO 17022 --- [    Test worker] hello.springtx.propagation.BasicTxTest   : 외부 트랜잭션 시작
2023-08-10 17:35:57.141 DEBUG 17022 --- [    Test worker] o.s.j.d.DataSourceTransactionManager     : Creating new transaction with name [null]: PROPAGATION_REQUIRED,ISOLATION_DEFAULT
2023-08-10 17:35:57.142 DEBUG 17022 --- [    Test worker] o.s.j.d.DataSourceTransactionManager     : Acquired Connection [HikariProxyConnection@1487734150 wrapping conn0: url=jdbc:h2:mem:faff714b-fa48-4d2f-9a61-870e55c1f179 user=SA] for JDBC transaction
2023-08-10 17:35:57.144 DEBUG 17022 --- [    Test worker] o.s.j.d.DataSourceTransactionManager     : Switching JDBC Connection [HikariProxyConnection@1487734150 wrapping conn0: url=jdbc:h2:mem:faff714b-fa48-4d2f-9a61-870e55c1f179 user=SA] to manual commit
2023-08-10 17:35:57.144  INFO 17022 --- [    Test worker] hello.springtx.propagation.BasicTxTest   : 내부 트랜잭션 시작
2023-08-10 17:35:57.144 DEBUG 17022 --- [    Test worker] o.s.j.d.DataSourceTransactionManager     : Participating in existing transaction
2023-08-10 17:35:57.144  INFO 17022 --- [    Test worker] hello.springtx.propagation.BasicTxTest   : 내부 트랜잭션 롤백
2023-08-10 17:35:57.145 DEBUG 17022 --- [    Test worker] o.s.j.d.DataSourceTransactionManager     : Participating transaction failed - marking existing transaction as rollback-only
2023-08-10 17:35:57.145 DEBUG 17022 --- [    Test worker] o.s.j.d.DataSourceTransactionManager     : Setting JDBC transaction [HikariProxyConnection@1487734150 wrapping conn0: url=jdbc:h2:mem:faff714b-fa48-4d2f-9a61-870e55c1f179 user=SA] rollback-only
2023-08-10 17:35:57.146  INFO 17022 --- [    Test worker] hello.springtx.propagation.BasicTxTest   : 외부 트랜잭션 커밋
2023-08-10 17:35:57.147 DEBUG 17022 --- [    Test worker] o.s.j.d.DataSourceTransactionManager     : Initiating transaction rollback
2023-08-10 17:35:57.147 DEBUG 17022 --- [    Test worker] o.s.j.d.DataSourceTransactionManager     : Rolling back JDBC transaction on Connection [HikariProxyConnection@1487734150 wrapping conn0: url=jdbc:h2:mem:faff714b-fa48-4d2f-9a61-870e55c1f179 user=SA]
2023-08-10 17:35:57.148 DEBUG 17022 --- [    Test worker] o.s.j.d.DataSourceTransactionManager     : Releasing JDBC Connection [HikariProxyConnection@1487734150 wrapping conn0: url=jdbc:h2:mem:faff714b-fa48-4d2f-9a61-870e55c1f179 user=SA] after transaction
]]></system-out>
  <system-err><![CDATA[]]></system-err>
</testsuite>
